<?xml version="1.0" encoding="UTF-8"?>
<testng-results ignored="0" total="1" passed="1" failed="0" skipped="0">
  <reporter-output>
  </reporter-output>
  <suite started-at="2025-09-07T15:31:25 IST" name="TestNG Suite" finished-at="2025-09-07T15:31:25 IST" duration-ms="68">
    <groups>
    </groups>
    <test started-at="2025-09-07T15:31:25 IST" name="Run TestNg from Jenkins" finished-at="2025-09-07T15:31:25 IST" duration-ms="68">
      <class name="jenkinsPackage.MavenTestForJenkins">
        <test-method signature="testM()[pri:0, instance:jenkinsPackage.MavenTestForJenkins@59309333]" started-at="2025-09-07T15:31:25 IST" name="testM" finished-at="2025-09-07T15:31:25 IST" duration-ms="13" status="PASS">
          <reporter-output>
          </reporter-output>
        </test-method> <!-- testM -->
      </class> <!-- jenkinsPackage.MavenTestForJenkins -->
    </test> <!-- Run TestNg from Jenkins -->
  </suite> <!-- TestNG Suite -->
</testng-results>
